Determining if the pthread_create exist failed with the following output:
Change Dir: /home/gab/Bureau/Prise en main de Ros/catkin_ws/build/CMakeFiles/CMakeTmp

Run Build Command:"/usr/bin/make" "cmTC_430ab/fast"
/usr/bin/make -f CMakeFiles/cmTC_430ab.dir/build.make CMakeFiles/cmTC_430ab.dir/build
make[1] : on entre dans le répertoire « /home/gab/Bureau/Prise en main de Ros/catkin_ws/build/CMakeFiles/CMakeTmp »
Building C object CMakeFiles/cmTC_430ab.dir/CheckSymbolExists.c.o
/usr/bin/cc     -o CMakeFiles/cmTC_430ab.dir/CheckSymbolExists.c.o   -c "/home/gab/Bureau/Prise en main de Ros/catkin_ws/build/CMakeFiles/CMakeTmp/CheckSymbolExists.c"
Linking C executable cmTC_430ab
/usr/bin/cmake -E cmake_link_script CMakeFiles/cmTC_430ab.dir/link.txt --verbose=1
/usr/bin/cc       CMakeFiles/cmTC_430ab.dir/CheckSymbolExists.c.o  -o cmTC_430ab -rdynamic 
CMakeFiles/cmTC_430ab.dir/CheckSymbolExists.c.o : Dans la fonction « main » :
CheckSymbolExists.c:(.text+0x16) : référence indéfinie vers « pthread_create »
collect2: error: ld returned 1 exit status
CMakeFiles/cmTC_430ab.dir/build.make:97 : la recette pour la cible « cmTC_430ab » a échouée
make[1]: *** [cmTC_430ab] Erreur 1
make[1] : on quitte le répertoire « /home/gab/Bureau/Prise en main de Ros/catkin_ws/build/CMakeFiles/CMakeTmp »
Makefile:126 : la recette pour la cible « cmTC_430ab/fast » a échouée
make: *** [cmTC_430ab/fast] Erreur 2

File /home/gab/Bureau/Prise en main de Ros/catkin_ws/build/CMakeFiles/CMakeTmp/CheckSymbolExists.c:
/* */
#include <pthread.h>

int main(int argc, char** argv)
{
  (void)argv;
#ifndef pthread_create
  return ((int*)(&pthread_create))[argc];
#else
  (void)argc;
  return 0;
#endif
}

Determining if the function pthread_create exists in the pthreads failed with the following output:
Change Dir: /home/gab/Bureau/Prise en main de Ros/catkin_ws/build/CMakeFiles/CMakeTmp

Run Build Command:"/usr/bin/make" "cmTC_996c1/fast"
/usr/bin/make -f CMakeFiles/cmTC_996c1.dir/build.make CMakeFiles/cmTC_996c1.dir/build
make[1] : on entre dans le répertoire « /home/gab/Bureau/Prise en main de Ros/catkin_ws/build/CMakeFiles/CMakeTmp »
Building C object CMakeFiles/cmTC_996c1.dir/CheckFunctionExists.c.o
/usr/bin/cc    -DCHECK_FUNCTION_EXISTS=pthread_create   -o CMakeFiles/cmTC_996c1.dir/CheckFunctionExists.c.o   -c /usr/share/cmake-3.5/Modules/CheckFunctionExists.c
Linking C executable cmTC_996c1
/usr/bin/cmake -E cmake_link_script CMakeFiles/cmTC_996c1.dir/link.txt --verbose=1
/usr/bin/cc   -DCHECK_FUNCTION_EXISTS=pthread_create    CMakeFiles/cmTC_996c1.dir/CheckFunctionExists.c.o  -o cmTC_996c1 -rdynamic -lpthreads 
/usr/bin/ld : ne peut trouver -lpthreads
collect2: error: ld returned 1 exit status
CMakeFiles/cmTC_996c1.dir/build.make:97 : la recette pour la cible « cmTC_996c1 » a échouée
make[1]: *** [cmTC_996c1] Erreur 1
make[1] : on quitte le répertoire « /home/gab/Bureau/Prise en main de Ros/catkin_ws/build/CMakeFiles/CMakeTmp »
Makefile:126 : la recette pour la cible « cmTC_996c1/fast » a échouée
make: *** [cmTC_996c1/fast] Erreur 2


