Determining if the pthread_create exist failed with the following output:
Change Dir: /home/gab/catkin_tutorials/create_package_pubsub/catkin_ws/build/location_monitor/CMakeFiles/CMakeTmp

Run Build Command:"/usr/bin/make" "cmTC_cc1e0/fast"
/usr/bin/make -f CMakeFiles/cmTC_cc1e0.dir/build.make CMakeFiles/cmTC_cc1e0.dir/build
make[1] : on entre dans le répertoire « /home/gab/catkin_tutorials/create_package_pubsub/catkin_ws/build/location_monitor/CMakeFiles/CMakeTmp »
Building C object CMakeFiles/cmTC_cc1e0.dir/CheckSymbolExists.c.o
/usr/bin/cc     -o CMakeFiles/cmTC_cc1e0.dir/CheckSymbolExists.c.o   -c /home/gab/catkin_tutorials/create_package_pubsub/catkin_ws/build/location_monitor/CMakeFiles/CMakeTmp/CheckSymbolExists.c
Linking C executable cmTC_cc1e0
/usr/bin/cmake -E cmake_link_script CMakeFiles/cmTC_cc1e0.dir/link.txt --verbose=1
/usr/bin/cc       CMakeFiles/cmTC_cc1e0.dir/CheckSymbolExists.c.o  -o cmTC_cc1e0 -rdynamic 
CMakeFiles/cmTC_cc1e0.dir/CheckSymbolExists.c.o : Dans la fonction « main » :
CheckSymbolExists.c:(.text+0x16) : référence indéfinie vers « pthread_create »
collect2: error: ld returned 1 exit status
CMakeFiles/cmTC_cc1e0.dir/build.make:97 : la recette pour la cible « cmTC_cc1e0 » a échouée
make[1]: *** [cmTC_cc1e0] Erreur 1
make[1] : on quitte le répertoire « /home/gab/catkin_tutorials/create_package_pubsub/catkin_ws/build/location_monitor/CMakeFiles/CMakeTmp »
Makefile:126 : la recette pour la cible « cmTC_cc1e0/fast » a échouée
make: *** [cmTC_cc1e0/fast] Erreur 2

File /home/gab/catkin_tutorials/create_package_pubsub/catkin_ws/build/location_monitor/CMakeFiles/CMakeTmp/CheckSymbolExists.c:
/* */
#include <pthread.h>

int main(int argc, char** argv)
{
  (void)argv;
#ifndef pthread_create
  return ((int*)(&pthread_create))[argc];
#else
  (void)argc;
  return 0;
#endif
}

Determining if the function pthread_create exists in the pthreads failed with the following output:
Change Dir: /home/gab/catkin_tutorials/create_package_pubsub/catkin_ws/build/location_monitor/CMakeFiles/CMakeTmp

Run Build Command:"/usr/bin/make" "cmTC_ffebb/fast"
/usr/bin/make -f CMakeFiles/cmTC_ffebb.dir/build.make CMakeFiles/cmTC_ffebb.dir/build
make[1] : on entre dans le répertoire « /home/gab/catkin_tutorials/create_package_pubsub/catkin_ws/build/location_monitor/CMakeFiles/CMakeTmp »
Building C object CMakeFiles/cmTC_ffebb.dir/CheckFunctionExists.c.o
/usr/bin/cc    -DCHECK_FUNCTION_EXISTS=pthread_create   -o CMakeFiles/cmTC_ffebb.dir/CheckFunctionExists.c.o   -c /usr/share/cmake-3.5/Modules/CheckFunctionExists.c
Linking C executable cmTC_ffebb
/usr/bin/cmake -E cmake_link_script CMakeFiles/cmTC_ffebb.dir/link.txt --verbose=1
/usr/bin/cc   -DCHECK_FUNCTION_EXISTS=pthread_create    CMakeFiles/cmTC_ffebb.dir/CheckFunctionExists.c.o  -o cmTC_ffebb -rdynamic -lpthreads 
/usr/bin/ld : ne peut trouver -lpthreads
collect2: error: ld returned 1 exit status
CMakeFiles/cmTC_ffebb.dir/build.make:97 : la recette pour la cible « cmTC_ffebb » a échouée
make[1]: *** [cmTC_ffebb] Erreur 1
make[1] : on quitte le répertoire « /home/gab/catkin_tutorials/create_package_pubsub/catkin_ws/build/location_monitor/CMakeFiles/CMakeTmp »
Makefile:126 : la recette pour la cible « cmTC_ffebb/fast » a échouée
make: *** [cmTC_ffebb/fast] Erreur 2


