Determining if the pthread_create exist failed with the following output:
Change Dir: /home/florian/Documents/dvb_ws/DaVinciBot-CDR_ATOM_FACTORY_2019/cdr_simulation_ws/build/CMakeFiles/CMakeTmp

Run Build Command:"/usr/bin/make" "cmTC_e83c0/fast"
/usr/bin/make -f CMakeFiles/cmTC_e83c0.dir/build.make CMakeFiles/cmTC_e83c0.dir/build
make[1]: Entering directory '/home/florian/Documents/dvb_ws/DaVinciBot-CDR_ATOM_FACTORY_2019/cdr_simulation_ws/build/CMakeFiles/CMakeTmp'
Building C object CMakeFiles/cmTC_e83c0.dir/CheckSymbolExists.c.o
/usr/bin/cc     -o CMakeFiles/cmTC_e83c0.dir/CheckSymbolExists.c.o   -c /home/florian/Documents/dvb_ws/DaVinciBot-CDR_ATOM_FACTORY_2019/cdr_simulation_ws/build/CMakeFiles/CMakeTmp/CheckSymbolExists.c
Linking C executable cmTC_e83c0
/usr/bin/cmake -E cmake_link_script CMakeFiles/cmTC_e83c0.dir/link.txt --verbose=1
/usr/bin/cc       CMakeFiles/cmTC_e83c0.dir/CheckSymbolExists.c.o  -o cmTC_e83c0 -rdynamic 
CMakeFiles/cmTC_e83c0.dir/CheckSymbolExists.c.o: In function `main':
CheckSymbolExists.c:(.text+0x16): undefined reference to `pthread_create'
collect2: error: ld returned 1 exit status
CMakeFiles/cmTC_e83c0.dir/build.make:97: recipe for target 'cmTC_e83c0' failed
make[1]: *** [cmTC_e83c0] Error 1
make[1]: Leaving directory '/home/florian/Documents/dvb_ws/DaVinciBot-CDR_ATOM_FACTORY_2019/cdr_simulation_ws/build/CMakeFiles/CMakeTmp'
Makefile:126: recipe for target 'cmTC_e83c0/fast' failed
make: *** [cmTC_e83c0/fast] Error 2

File /home/florian/Documents/dvb_ws/DaVinciBot-CDR_ATOM_FACTORY_2019/cdr_simulation_ws/build/CMakeFiles/CMakeTmp/CheckSymbolExists.c:
/* */
#include <pthread.h>

int main(int argc, char** argv)
{
  (void)argv;
#ifndef pthread_create
  return ((int*)(&pthread_create))[argc];
#else
  (void)argc;
  return 0;
#endif
}

Determining if the function pthread_create exists in the pthreads failed with the following output:
Change Dir: /home/florian/Documents/dvb_ws/DaVinciBot-CDR_ATOM_FACTORY_2019/cdr_simulation_ws/build/CMakeFiles/CMakeTmp

Run Build Command:"/usr/bin/make" "cmTC_fd058/fast"
/usr/bin/make -f CMakeFiles/cmTC_fd058.dir/build.make CMakeFiles/cmTC_fd058.dir/build
make[1]: Entering directory '/home/florian/Documents/dvb_ws/DaVinciBot-CDR_ATOM_FACTORY_2019/cdr_simulation_ws/build/CMakeFiles/CMakeTmp'
Building C object CMakeFiles/cmTC_fd058.dir/CheckFunctionExists.c.o
/usr/bin/cc    -DCHECK_FUNCTION_EXISTS=pthread_create   -o CMakeFiles/cmTC_fd058.dir/CheckFunctionExists.c.o   -c /usr/share/cmake-3.5/Modules/CheckFunctionExists.c
Linking C executable cmTC_fd058
/usr/bin/cmake -E cmake_link_script CMakeFiles/cmTC_fd058.dir/link.txt --verbose=1
/usr/bin/cc   -DCHECK_FUNCTION_EXISTS=pthread_create    CMakeFiles/cmTC_fd058.dir/CheckFunctionExists.c.o  -o cmTC_fd058 -rdynamic -lpthreads 
/usr/bin/ld: cannot find -lpthreads
collect2: error: ld returned 1 exit status
CMakeFiles/cmTC_fd058.dir/build.make:97: recipe for target 'cmTC_fd058' failed
make[1]: *** [cmTC_fd058] Error 1
make[1]: Leaving directory '/home/florian/Documents/dvb_ws/DaVinciBot-CDR_ATOM_FACTORY_2019/cdr_simulation_ws/build/CMakeFiles/CMakeTmp'
Makefile:126: recipe for target 'cmTC_fd058/fast' failed
make: *** [cmTC_fd058/fast] Error 2


