[36m--[0m Using CATKIN_DEVEL_PREFIX: /home/gab/catkin_tutorials/create_package_pubsub/catkin_ws/devel/.private/location_monitor
[36m--[0m Using CMAKE_PREFIX_PATH: /home/gab/catkin_tutorials/create_package_pubsub/catkin_ws/devel;/opt/ros/kinetic
[36m--[0m This workspace overlays: /home/gab/catkin_tutorials/create_package_pubsub/catkin_ws/devel;/opt/ros/kinetic
[36m--[0m Using PYTHON_EXECUTABLE: /usr/bin/python
[36m--[0m Using Debian Python package layout
[36m--[0m Using empy: /usr/bin/empy
[36m--[0m Using CATKIN_ENABLE_TESTING: ON
[36m--[0m Call enable_testing()
[36m--[0m Using CATKIN_TEST_RESULTS_DIR: /home/gab/catkin_tutorials/create_package_pubsub/catkin_ws/build/location_monitor/test_results
[36m--[0m Found gmock sources under '/usr/src/gmock': gmock will be built
[36m--[0m Found gtest sources under '/usr/src/gmock': gtests will be built
[36m--[0m Using Python nosetests: /usr/bin/nosetests-2.7
[36m--[0m catkin 0.7.14
[36m--[0m Using these message generators: gencpp;geneus;genlisp;gennodejs;genpy
[36m--[0m Configuring done
CMake Warning (dev) at CMakeLists.txt:150 (add_dependencies):
  Policy CMP0046 is not set: Error on non-existent dependency in
  add_dependencies.  Run "cmake --help-policy CMP0046" for policy details.
  Use the cmake_policy command to set the policy and suppress this warning.

  The dependency target "location_monitor_generate_messages_cpp" of target
  "location_node" does not exist.
This warning is for project developers.  Use -Wno-dev to suppress it.

[36m--[0m Generating done
[36m--[0m Build files have been written to: /home/gab/catkin_tutorials/create_package_pubsub/catkin_ws/build/location_monitor
