Linked: (/home/gab/catkin_tutorials/create_package_pubsub/catkin_ws/devel/.private/location_monitor/share/common-lisp/ros/location_monitor/msg/_package.lisp, /home/gab/catkin_tutorials/create_package_pubsub/catkin_ws/devel/share/common-lisp/ros/location_monitor/msg/_package.lisp)
Linked: (/home/gab/catkin_tutorials/create_package_pubsub/catkin_ws/devel/.private/location_monitor/share/common-lisp/ros/location_monitor/msg/_package_LandMarkDistance.lisp, /home/gab/catkin_tutorials/create_package_pubsub/catkin_ws/devel/share/common-lisp/ros/location_monitor/msg/_package_LandMarkDistance.lisp)
Linked: (/home/gab/catkin_tutorials/create_package_pubsub/catkin_ws/devel/.private/location_monitor/share/common-lisp/ros/location_monitor/msg/LandMarkDistance.lisp, /home/gab/catkin_tutorials/create_package_pubsub/catkin_ws/devel/share/common-lisp/ros/location_monitor/msg/LandMarkDistance.lisp)
Linked: (/home/gab/catkin_tutorials/create_package_pubsub/catkin_ws/devel/.private/location_monitor/share/common-lisp/ros/location_monitor/msg/location_monitor-msg.asd, /home/gab/catkin_tutorials/create_package_pubsub/catkin_ws/devel/share/common-lisp/ros/location_monitor/msg/location_monitor-msg.asd)
Linked: (/home/gab/catkin_tutorials/create_package_pubsub/catkin_ws/devel/.private/location_monitor/share/location_monitor/cmake/location_monitor-msg-paths.cmake, /home/gab/catkin_tutorials/create_package_pubsub/catkin_ws/devel/share/location_monitor/cmake/location_monitor-msg-paths.cmake)
Linked: (/home/gab/catkin_tutorials/create_package_pubsub/catkin_ws/devel/.private/location_monitor/share/location_monitor/cmake/location_monitor-msg-extras.cmake, /home/gab/catkin_tutorials/create_package_pubsub/catkin_ws/devel/share/location_monitor/cmake/location_monitor-msg-extras.cmake)
Linked: (/home/gab/catkin_tutorials/create_package_pubsub/catkin_ws/devel/.private/location_monitor/share/location_monitor/cmake/location_monitorConfig.cmake, /home/gab/catkin_tutorials/create_package_pubsub/catkin_ws/devel/share/location_monitor/cmake/location_monitorConfig.cmake)
Linked: (/home/gab/catkin_tutorials/create_package_pubsub/catkin_ws/devel/.private/location_monitor/share/location_monitor/cmake/location_monitorConfig-version.cmake, /home/gab/catkin_tutorials/create_package_pubsub/catkin_ws/devel/share/location_monitor/cmake/location_monitorConfig-version.cmake)
Linked: (/home/gab/catkin_tutorials/create_package_pubsub/catkin_ws/devel/.private/location_monitor/share/gennodejs/ros/location_monitor/_index.js, /home/gab/catkin_tutorials/create_package_pubsub/catkin_ws/devel/share/gennodejs/ros/location_monitor/_index.js)
Linked: (/home/gab/catkin_tutorials/create_package_pubsub/catkin_ws/devel/.private/location_monitor/share/gennodejs/ros/location_monitor/msg/LandMarkDistance.js, /home/gab/catkin_tutorials/create_package_pubsub/catkin_ws/devel/share/gennodejs/ros/location_monitor/msg/LandMarkDistance.js)
Linked: (/home/gab/catkin_tutorials/create_package_pubsub/catkin_ws/devel/.private/location_monitor/share/gennodejs/ros/location_monitor/msg/_index.js, /home/gab/catkin_tutorials/create_package_pubsub/catkin_ws/devel/share/gennodejs/ros/location_monitor/msg/_index.js)
Linked: (/home/gab/catkin_tutorials/create_package_pubsub/catkin_ws/devel/.private/location_monitor/share/roseus/ros/location_monitor/manifest.l, /home/gab/catkin_tutorials/create_package_pubsub/catkin_ws/devel/share/roseus/ros/location_monitor/manifest.l)
Linked: (/home/gab/catkin_tutorials/create_package_pubsub/catkin_ws/devel/.private/location_monitor/share/roseus/ros/location_monitor/msg/LandMarkDistance.l, /home/gab/catkin_tutorials/create_package_pubsub/catkin_ws/devel/share/roseus/ros/location_monitor/msg/LandMarkDistance.l)
Linked: (/home/gab/catkin_tutorials/create_package_pubsub/catkin_ws/devel/.private/location_monitor/lib/pkgconfig/location_monitor.pc, /home/gab/catkin_tutorials/create_package_pubsub/catkin_ws/devel/lib/pkgconfig/location_monitor.pc)
Linked: (/home/gab/catkin_tutorials/create_package_pubsub/catkin_ws/devel/.private/location_monitor/lib/location_monitor/location, /home/gab/catkin_tutorials/create_package_pubsub/catkin_ws/devel/lib/location_monitor/location)
Linked: (/home/gab/catkin_tutorials/create_package_pubsub/catkin_ws/devel/.private/location_monitor/lib/location_monitor/location_node, /home/gab/catkin_tutorials/create_package_pubsub/catkin_ws/devel/lib/location_monitor/location_node)
Linked: (/home/gab/catkin_tutorials/create_package_pubsub/catkin_ws/devel/.private/location_monitor/lib/python2.7/dist-packages/location_monitor/__init__.py, /home/gab/catkin_tutorials/create_package_pubsub/catkin_ws/devel/lib/python2.7/dist-packages/location_monitor/__init__.py)
Linked: (/home/gab/catkin_tutorials/create_package_pubsub/catkin_ws/devel/.private/location_monitor/lib/python2.7/dist-packages/location_monitor/msg/_LandMarkDistance.py, /home/gab/catkin_tutorials/create_package_pubsub/catkin_ws/devel/lib/python2.7/dist-packages/location_monitor/msg/_LandMarkDistance.py)
Linked: (/home/gab/catkin_tutorials/create_package_pubsub/catkin_ws/devel/.private/location_monitor/lib/python2.7/dist-packages/location_monitor/msg/__init__.py, /home/gab/catkin_tutorials/create_package_pubsub/catkin_ws/devel/lib/python2.7/dist-packages/location_monitor/msg/__init__.py)
Linked: (/home/gab/catkin_tutorials/create_package_pubsub/catkin_ws/devel/.private/location_monitor/include/location_monitor/LandMarkDistance.h, /home/gab/catkin_tutorials/create_package_pubsub/catkin_ws/devel/include/location_monitor/LandMarkDistance.h)
