[36m--[0m Using CATKIN_DEVEL_PREFIX: /home/gab/catkin_tutorials/create_package_pubsub/catkin_ws/devel/.private/location_monitor
[36m--[0m Using CMAKE_PREFIX_PATH: /home/gab/catkin_tutorials/create_package_pubsub/catkin_ws/devel;/opt/ros/kinetic
[36m--[0m This workspace overlays: /home/gab/catkin_tutorials/create_package_pubsub/catkin_ws/devel;/opt/ros/kinetic
[36m--[0m Using PYTHON_EXECUTABLE: /usr/bin/python
[36m--[0m Using Debian Python package layout
[36m--[0m Using empy: /usr/bin/empy
[36m--[0m Using CATKIN_ENABLE_TESTING: ON
[36m--[0m Call enable_testing()
[36m--[0m Using CATKIN_TEST_RESULTS_DIR: /home/gab/catkin_tutorials/create_package_pubsub/catkin_ws/build/location_monitor/test_results
[36m--[0m Found gmock sources under '/usr/src/gmock': gmock will be built
[36m--[0m Found gtest sources under '/usr/src/gmock': gtests will be built
[36m--[0m Using Python nosetests: /usr/bin/nosetests-2.7
[36m--[0m catkin 0.7.14
[36m--[0m Configuring done
[31m[1mCMake Error[0m at /home/gab/catkin_tutorials/create_package_pubsub/catkin_ws/src/location_monitor/CMakeLists.txt:147 (add_executable):
  Cannot find source file:

    src/location.cpp

  Tried extensions .c .C .c++ .cc .cpp .cxx .m .M .mm .h .hh .h++ .hm .hpp
  .hxx .in .txx


CMake Error: CMake can not determine linker language for target: location_monitor
CMake Error: Cannot determine link language for target "location_monitor".
[36m--[0m Generating done
[36m--[0m Build files have been written to: /home/gab/catkin_tutorials/create_package_pubsub/catkin_ws/build/location_monitor
make: *** [cmake_check_build_system] Erreur 1
