[35m[1mScanning dependencies of target std_msgs_generate_messages_cpp[0m
[35m[1mScanning dependencies of target std_msgs_generate_messages_eus[0m
[35m[1mScanning dependencies of target std_msgs_generate_messages_py[0m
[35m[1mScanning dependencies of target std_msgs_generate_messages_nodejs[0m
[35m[1mScanning dependencies of target _location_monitor_generate_messages_check_deps_LandMarkDistance[0m
[35m[1mScanning dependencies of target std_msgs_generate_messages_lisp[0m
[  0%] Built target std_msgs_generate_messages_py
[  0%] Built target std_msgs_generate_messages_cpp
[  0%] Built target std_msgs_generate_messages_nodejs
[  0%] Built target std_msgs_generate_messages_eus
[  0%] Built target std_msgs_generate_messages_lisp
[  0%] Built target _location_monitor_generate_messages_check_deps_LandMarkDistance
[35m[1mScanning dependencies of target location_monitor_generate_messages_cpp[0m
[35m[1mScanning dependencies of target location_monitor_generate_messages_py[0m
[35m[1mScanning dependencies of target location_monitor_generate_messages_lisp[0m
[35m[1mScanning dependencies of target location_monitor_generate_messages_eus[0m
[35m[1mScanning dependencies of target location_monitor_generate_messages_nodejs[0m
[ 11%] [34m[1mGenerating C++ code from location_monitor/LandMarkDistance.msg[0m
[ 22%] [34m[1mGenerating EusLisp code from location_monitor/LandMarkDistance.msg[0m
[ 33%] [34m[1mGenerating Python from MSG location_monitor/LandMarkDistance[0m
[ 44%] [34m[1mGenerating Javascript code from location_monitor/LandMarkDistance.msg[0m
[ 55%] [34m[1mGenerating Lisp code from location_monitor/LandMarkDistance.msg[0m
[ 66%] [34m[1mGenerating EusLisp manifest code for location_monitor[0m
[ 66%] Built target location_monitor_generate_messages_lisp
[ 77%] [34m[1mGenerating Python msg __init__.py for location_monitor[0m
[ 77%] Built target location_monitor_generate_messages_nodejs
[ 77%] Built target location_monitor_generate_messages_py
[ 77%] Built target location_monitor_generate_messages_cpp
[35m[1mScanning dependencies of target location_node[0m
[ 88%] [32mBuilding CXX object CMakeFiles/location_node.dir/src/location.cpp.o[0m
[ 88%] Built target location_monitor_generate_messages_eus
[35m[1mScanning dependencies of target location_monitor_generate_messages[0m
[ 88%] Built target location_monitor_generate_messages
[100%] [32m[1mLinking CXX executable /home/gab/catkin_tutorials/create_package_pubsub/catkin_ws/devel/.private/location_monitor/lib/location_monitor/location_node[0m
[100%] Built target location_node
