Symlinking /home/gab/catkin_tutorials/create_package_pubsub/catkin_ws/devel/share/common-lisp/ros/location_monitor/msg/_package.lisp
Symlinking /home/gab/catkin_tutorials/create_package_pubsub/catkin_ws/devel/share/common-lisp/ros/location_monitor/msg/_package_LandMarkDistance.lisp
Symlinking /home/gab/catkin_tutorials/create_package_pubsub/catkin_ws/devel/share/common-lisp/ros/location_monitor/msg/LandMarkDistance.lisp
Symlinking /home/gab/catkin_tutorials/create_package_pubsub/catkin_ws/devel/share/common-lisp/ros/location_monitor/msg/location_monitor-msg.asd
Symlinking /home/gab/catkin_tutorials/create_package_pubsub/catkin_ws/devel/share/location_monitor/cmake/location_monitor-msg-paths.cmake
Symlinking /home/gab/catkin_tutorials/create_package_pubsub/catkin_ws/devel/share/location_monitor/cmake/location_monitor-msg-extras.cmake
Linked: (/home/gab/catkin_tutorials/create_package_pubsub/catkin_ws/devel/.private/location_monitor/share/location_monitor/cmake/location_monitorConfig.cmake, /home/gab/catkin_tutorials/create_package_pubsub/catkin_ws/devel/share/location_monitor/cmake/location_monitorConfig.cmake)
Linked: (/home/gab/catkin_tutorials/create_package_pubsub/catkin_ws/devel/.private/location_monitor/share/location_monitor/cmake/location_monitorConfig-version.cmake, /home/gab/catkin_tutorials/create_package_pubsub/catkin_ws/devel/share/location_monitor/cmake/location_monitorConfig-version.cmake)
Symlinking /home/gab/catkin_tutorials/create_package_pubsub/catkin_ws/devel/share/gennodejs/ros/location_monitor/_index.js
Symlinking /home/gab/catkin_tutorials/create_package_pubsub/catkin_ws/devel/share/gennodejs/ros/location_monitor/msg/LandMarkDistance.js
Symlinking /home/gab/catkin_tutorials/create_package_pubsub/catkin_ws/devel/share/gennodejs/ros/location_monitor/msg/_index.js
Symlinking /home/gab/catkin_tutorials/create_package_pubsub/catkin_ws/devel/share/roseus/ros/location_monitor/manifest.l
Symlinking /home/gab/catkin_tutorials/create_package_pubsub/catkin_ws/devel/share/roseus/ros/location_monitor/msg/LandMarkDistance.l
Linked: (/home/gab/catkin_tutorials/create_package_pubsub/catkin_ws/devel/.private/location_monitor/lib/pkgconfig/location_monitor.pc, /home/gab/catkin_tutorials/create_package_pubsub/catkin_ws/devel/lib/pkgconfig/location_monitor.pc)
Linked: (/home/gab/catkin_tutorials/create_package_pubsub/catkin_ws/devel/.private/location_monitor/lib/location_monitor/location, /home/gab/catkin_tutorials/create_package_pubsub/catkin_ws/devel/lib/location_monitor/location)
Linked: (/home/gab/catkin_tutorials/create_package_pubsub/catkin_ws/devel/.private/location_monitor/lib/location_monitor/location_node, /home/gab/catkin_tutorials/create_package_pubsub/catkin_ws/devel/lib/location_monitor/location_node)
Symlinking /home/gab/catkin_tutorials/create_package_pubsub/catkin_ws/devel/lib/python2.7/dist-packages/location_monitor/__init__.py
Symlinking /home/gab/catkin_tutorials/create_package_pubsub/catkin_ws/devel/lib/python2.7/dist-packages/location_monitor/msg/_LandMarkDistance.py
Symlinking /home/gab/catkin_tutorials/create_package_pubsub/catkin_ws/devel/lib/python2.7/dist-packages/location_monitor/msg/__init__.py
Symlinking /home/gab/catkin_tutorials/create_package_pubsub/catkin_ws/devel/include/location_monitor/LandMarkDistance.h
