Determining if the pthread_create exist failed with the following output:
Change Dir: /home/gab/catkin_tutorials/create_package_pubsub/catkin_ws/build/beginner_tutorials/CMakeFiles/CMakeTmp

Run Build Command:"/usr/bin/make" "cmTC_b8760/fast"
/usr/bin/make -f CMakeFiles/cmTC_b8760.dir/build.make CMakeFiles/cmTC_b8760.dir/build
make[1] : on entre dans le répertoire « /home/gab/catkin_tutorials/create_package_pubsub/catkin_ws/build/beginner_tutorials/CMakeFiles/CMakeTmp »
Building C object CMakeFiles/cmTC_b8760.dir/CheckSymbolExists.c.o
/usr/bin/cc     -o CMakeFiles/cmTC_b8760.dir/CheckSymbolExists.c.o   -c /home/gab/catkin_tutorials/create_package_pubsub/catkin_ws/build/beginner_tutorials/CMakeFiles/CMakeTmp/CheckSymbolExists.c
Linking C executable cmTC_b8760
/usr/bin/cmake -E cmake_link_script CMakeFiles/cmTC_b8760.dir/link.txt --verbose=1
/usr/bin/cc       CMakeFiles/cmTC_b8760.dir/CheckSymbolExists.c.o  -o cmTC_b8760 -rdynamic 
CMakeFiles/cmTC_b8760.dir/CheckSymbolExists.c.o : Dans la fonction « main » :
CheckSymbolExists.c:(.text+0x16) : référence indéfinie vers « pthread_create »
collect2: error: ld returned 1 exit status
CMakeFiles/cmTC_b8760.dir/build.make:97 : la recette pour la cible « cmTC_b8760 » a échouée
make[1]: *** [cmTC_b8760] Erreur 1
make[1] : on quitte le répertoire « /home/gab/catkin_tutorials/create_package_pubsub/catkin_ws/build/beginner_tutorials/CMakeFiles/CMakeTmp »
Makefile:126 : la recette pour la cible « cmTC_b8760/fast » a échouée
make: *** [cmTC_b8760/fast] Erreur 2

File /home/gab/catkin_tutorials/create_package_pubsub/catkin_ws/build/beginner_tutorials/CMakeFiles/CMakeTmp/CheckSymbolExists.c:
/* */
#include <pthread.h>

int main(int argc, char** argv)
{
  (void)argv;
#ifndef pthread_create
  return ((int*)(&pthread_create))[argc];
#else
  (void)argc;
  return 0;
#endif
}

Determining if the function pthread_create exists in the pthreads failed with the following output:
Change Dir: /home/gab/catkin_tutorials/create_package_pubsub/catkin_ws/build/beginner_tutorials/CMakeFiles/CMakeTmp

Run Build Command:"/usr/bin/make" "cmTC_e2b5c/fast"
/usr/bin/make -f CMakeFiles/cmTC_e2b5c.dir/build.make CMakeFiles/cmTC_e2b5c.dir/build
make[1] : on entre dans le répertoire « /home/gab/catkin_tutorials/create_package_pubsub/catkin_ws/build/beginner_tutorials/CMakeFiles/CMakeTmp »
Building C object CMakeFiles/cmTC_e2b5c.dir/CheckFunctionExists.c.o
/usr/bin/cc    -DCHECK_FUNCTION_EXISTS=pthread_create   -o CMakeFiles/cmTC_e2b5c.dir/CheckFunctionExists.c.o   -c /usr/share/cmake-3.5/Modules/CheckFunctionExists.c
Linking C executable cmTC_e2b5c
/usr/bin/cmake -E cmake_link_script CMakeFiles/cmTC_e2b5c.dir/link.txt --verbose=1
/usr/bin/cc   -DCHECK_FUNCTION_EXISTS=pthread_create    CMakeFiles/cmTC_e2b5c.dir/CheckFunctionExists.c.o  -o cmTC_e2b5c -rdynamic -lpthreads 
/usr/bin/ld : ne peut trouver -lpthreads
collect2: error: ld returned 1 exit status
CMakeFiles/cmTC_e2b5c.dir/build.make:97 : la recette pour la cible « cmTC_e2b5c » a échouée
make[1]: *** [cmTC_e2b5c] Erreur 1
make[1] : on quitte le répertoire « /home/gab/catkin_tutorials/create_package_pubsub/catkin_ws/build/beginner_tutorials/CMakeFiles/CMakeTmp »
Makefile:126 : la recette pour la cible « cmTC_e2b5c/fast » a échouée
make: *** [cmTC_e2b5c/fast] Erreur 2


